This is e-pTeX, Version 3.14159265-p3.7-160201-2.6 (utf8.sjis) (TeX Live 2016/W32TeX) (preloaded format=platex 2017.5.17)  4 JAN 2022 21:49
entering extended mode
 restricted \write18 enabled.
 %&-line parsing enabled.
**./ipsj2019_tex.tex
(./ipsj2019_tex.tex
pLaTeX2e <2016/11/29> (based on LaTeX2e <2017/01/01> patch level 3)
Babel <3.9r> and hyphenation patterns for 83 language(s) loaded.
(./deimj.cls
Document Class: deimj 
\@JQ=\dimen118
\@Q=\dimen119
\@EM=\dimen120
\c@@paper=\count82
\@authorlist=\toks15
\@authorcnt=\count83
\@alcnt=\count84
\p@alcnt=\count85
\@totalnumber=\count86
\authornamesep=\dimen121
\tn@dn=\count87
\@spcnt=\count88
\alignorder=\count89
\totalnumberm@ne=\count90
\@authorcntp@ne=\count91
\chk@alcnt=\count92
\chk@p@alcnt=\count93
\Pauthorsep=\dimen122
\jabstractbox=\box41
\jkeywordbox=\box42
\c@section=\count94
\c@subsection=\count95
\c@subsubsection=\count96
\c@paragraph=\count97
\c@subparagraph=\count98
\@hlskip=\skip41
\verbatimleftmargin=\dimen123
\verbatimbaselineskip=\dimen124
\c@figure=\count99
\c@table=\count100
\abovecaptionskip=\skip42
\belowcaptionskip=\skip43
\@tempboxb=\box43
\capwidth=\dimen125
\ecapwidth=\dimen126
\symmincho=\mathgroup4
LaTeX Font Info:    Overwriting symbol font `mincho' in version `bold'
(Font)                  JY1/mc/m/n --> JY1/gt/m/n on input line 2506.
LaTeX Font Info:    Redeclaring symbol font `mincho' on input line 2564.
LaTeX Font Info:    Overwriting symbol font `mincho' in version `normal'
(Font)                  JY1/mc/m/n --> JY1/mc/m/n on input line 2564.
LaTeX Font Info:    Overwriting symbol font `mincho' in version `bold'
(Font)                  JY1/gt/m/n --> JY1/mc/m/n on input line 2564.
LaTeX Font Info:    Overwriting symbol font `mincho' in version `bold'
(Font)                  JY1/mc/m/n --> JY1/gt/m/n on input line 2564.
LaTeX Font Info:    Redeclaring math alphabet \mathgt on input line 2564.
LaTeX Font Info:    Overwriting math alphabet `\mathgt' in version `normal'
(Font)                  JY1/gt/m/n --> JY1/gt/m/n on input line 2564.
LaTeX Font Info:    Overwriting math alphabet `\mathgt' in version `bold'
(Font)                  JY1/gt/m/n --> JY1/gt/m/n on input line 2564.
LaTeX Info: Redefining \mc on input line 2572.
LaTeX Info: Redefining \gt on input line 2573.
\bibindent=\dimen127
\c@profile=\count101
\mathindent=\dimen128
\@minsofar=\count102
\@min=\count103
\@cite@temp=\count104
) (c:/texlive/2016/texmf-dist/tex/latex/graphics/graphicx.sty
Package: graphicx 2014/10/28 v1.0g Enhanced LaTeX Graphics (DPC,SPQR)

(c:/texlive/2016/texmf-dist/tex/latex/graphics/keyval.sty
Package: keyval 2014/10/28 v1.15 key=value parser (DPC)
\KV@toks@=\toks16
)
(c:/texlive/2016/texmf-dist/tex/latex/graphics/graphics.sty
Package: graphics 2016/10/09 v1.0u Standard LaTeX Graphics (DPC,SPQR)

(c:/texlive/2016/texmf-dist/tex/latex/graphics/trig.sty
Package: trig 2016/01/03 v1.10 sin cos tan (DPC)
)
(c:/texlive/2016/texmf-dist/tex/latex/graphics-cfg/graphics.cfg
File: graphics.cfg 2016/06/04 v1.11 sample graphics configuration
)
Package graphics Info: Driver file: dvips.def on input line 99.

(c:/texlive/2016/texmf-dist/tex/latex/graphics-def/dvips.def
File: dvips.def 2016/07/10 v3.1a Driver-dependent file (DPC,SPQR)
))
\Gin@req@height=\dimen129
\Gin@req@width=\dimen130
)
(c:/texlive/2016/texmf-dist/tex/latex/subfig/subfig.sty
Package: subfig 2005/06/28 ver: 1.3 subfig package

(c:/texlive/2016/texmf-dist/tex/latex/caption/caption.sty
Package: caption 2016/02/21 v3.3-144 Customizing captions (AR)

(c:/texlive/2016/texmf-dist/tex/latex/caption/caption3.sty
Package: caption3 2016/05/22 v1.7-166 caption3 kernel (AR)
Package caption3 Info: TeX engine: e-TeX on input line 67.
\captionmargin=\dimen131
\captionmargin@=\dimen132
\captionwidth=\dimen133
\caption@tempdima=\dimen134
\caption@indent=\dimen135
\caption@parindent=\dimen136
\caption@hangindent=\dimen137
Package caption Info: Unknown document class (or package),
(caption)             standard defaults will be used.
)

Package caption Warning: Unsupported document class (or package) detected,
(caption)                usage of the caption package is not recommended.
See the caption package documentation for explanation.

Package caption Info: \@makecaption = \long macro:#1#2->\vskip \abovecaptionski
p \setbox \@tempboxa \hbox {#1\hskip 1zw\shortstack [l]{#2}}\@tempdima \ht \@te
mpboxa \advance \@tempdima \dp \@tempboxa \setbox \@tempboxb \hbox {#1\hskip 1z
w}\ifdim \@tempdima > \baselineskip \ifdim \wd \@tempboxa > \capwidth \hfil \pa
rbox [t]{\capwidth }{\hangindent \wd \@tempboxb #1\hskip 1zw #2}\vskip 2\@Q \el
se \hfil \parbox [t]{\wd \@tempboxa }{\hangindent \wd \@tempboxb #1\hskip 1zw #
2}\vskip 2\@Q \fi \else \ifdim \wd \@tempboxa > \capwidth \hfil \parbox [t]{\ca
pwidth }{\hangindent \wd \@tempboxb #1\hskip 1zw #2}\vskip 2\@Q \else \setbox \
@tempboxb \hbox {#2}\ifdim \wd \@tempboxb < 4.5zw \hbox to\hsize {\hfil #1\hski
p 1zw\kintou {5zw}{#2}\hfil }\else \hbox to\hsize {\hfil \box \@tempboxa \hfil 
}\fi \fi \fi .
\c@ContinuedFloat=\count105
)
\c@KVtest=\count106
\sf@farskip=\skip44
\sf@captopadj=\dimen138
\sf@capskip=\skip45
\sf@nearskip=\skip46
\c@subfigure=\count107
\c@subfigure@save=\count108
\c@lofdepth=\count109
\c@subtable=\count110
\c@subtable@save=\count111
\c@lotdepth=\count112
\sf@top=\skip47
\sf@bottom=\skip48
) (./ipsj2019_tex.aux

LaTeX Warning: Label `fig:Noise' multiply defined.


LaTeX Warning: Label `fig:Noise' multiply defined.


LaTeX Warning: Label `fig:Noise' multiply defined.

)
\openout1 = `ipsj2019_tex.aux'.

LaTeX Font Info:    Checking defaults for OML/cmm/m/it on input line 35.
LaTeX Font Info:    ... okay on input line 35.
LaTeX Font Info:    Checking defaults for T1/cmr/m/n on input line 35.
LaTeX Font Info:    ... okay on input line 35.
LaTeX Font Info:    Checking defaults for OT1/cmr/m/n on input line 35.
LaTeX Font Info:    ... okay on input line 35.
LaTeX Font Info:    Checking defaults for OMS/cmsy/m/n on input line 35.
LaTeX Font Info:    ... okay on input line 35.
LaTeX Font Info:    Checking defaults for OMX/cmex/m/n on input line 35.
LaTeX Font Info:    ... okay on input line 35.
LaTeX Font Info:    Checking defaults for U/cmr/m/n on input line 35.
LaTeX Font Info:    ... okay on input line 35.
LaTeX Font Info:    Checking defaults for JY1/mc/m/n on input line 35.
LaTeX Font Info:    ... okay on input line 35.
LaTeX Font Info:    Checking defaults for JT1/mc/m/n on input line 35.
LaTeX Font Info:    ... okay on input line 35.
Package caption Info: Begin \AtBeginDocument code.
Package caption Info: subfig package v1.3 is loaded.
Package caption Info: End \AtBeginDocument code.
LaTeX Font Info:    External font `cmex10' loaded for size
(Font)              <12> on input line 38.
LaTeX Font Info:    External font `cmex10' loaded for size
(Font)              <8> on input line 38.
LaTeX Font Info:    External font `cmex10' loaded for size
(Font)              <6> on input line 38.
LaTeX Font Info:    Calculating math sizes for size <10.5> on input line 38.


LaTeX Font Warning: Font shape `OML/cmm/m/it' in size <10.5> not available
(Font)              size <10.95> substituted on input line 38.


LaTeX Font Warning: Font shape `OMS/cmsy/m/n' in size <10.5> not available
(Font)              size <10.95> substituted on input line 38.

LaTeX Font Info:    External font `cmex10' loaded for size
(Font)              <10.5> on input line 38.
LaTeX Font Info:    External font `cmex10' loaded for size
(Font)              <7.34996> on input line 38.
LaTeX Font Info:    External font `cmex10' loaded for size
(Font)              <5.25> on input line 38.
LaTeX Font Info:    Font shape `JT1/mc/bx/n' in size <10.95> not available
(Font)              Font shape `JT1/gt/m/n' tried instead on input line 39.
LaTeX Font Info:    Font shape `JY1/mc/bx/n' in size <10.95> not available
(Font)              Font shape `JY1/gt/m/n' tried instead on input line 39.
LaTeX Font Info:    External font `cmex10' loaded for size
(Font)              <9> on input line 39.
LaTeX Font Info:    External font `cmex10' loaded for size
(Font)              <5> on input line 39.
File: ./eps/SoundFile_Original_Signal_Plot.eps Graphic file (type eps)
<./eps/SoundFile_Original_Signal_Plot.eps>
File: ./eps/SoundFile_Noise_Signal_Plot.eps Graphic file (type eps)

<./eps/SoundFile_Noise_Signal_Plot.eps>
LaTeX Font Info:    Font shape `JT1/mc/bx/n' in size <7> not available
(Font)              Font shape `JT1/gt/m/n' tried instead on input line 89.
LaTeX Font Info:    Font shape `JY1/mc/bx/n' in size <7> not available
(Font)              Font shape `JY1/gt/m/n' tried instead on input line 89.
LaTeX Font Info:    Font shape `JT1/mc/bx/n' in size <6> not available
(Font)              Font shape `JT1/gt/m/n' tried instead on input line 89.
LaTeX Font Info:    Font shape `JY1/mc/bx/n' in size <6> not available
(Font)              Font shape `JY1/gt/m/n' tried instead on input line 89.
LaTeX Font Info:    External font `cmex10' loaded for size
(Font)              <7> on input line 90.
File: ./eps/Signal_Plot/Signal_Whitenoise_Histgram.eps Graphic file (type eps)

<./eps/Signal_Plot/Signal_Whitenoise_Histgram.eps>
File: ./eps/Signal_Plot/Signal_Pinknoise_Histgram.eps Graphic file (type eps)

<./eps/Signal_Plot/Signal_Pinknoise_Histgram.eps>
File: ./eps/Signal_Plot/Signal_Brownnoise_Histgram.eps Graphic file (type eps)

<./eps/Signal_Plot/Signal_Brownnoise_Histgram.eps>
File: ./eps/Signal_Plot/Signal_Tpdfnoise_Histgram.eps Graphic file (type eps)

<./eps/Signal_Plot/Signal_Tpdfnoise_Histgram.eps> [1


]
LaTeX Font Info:    Font shape `JT1/mc/bx/n' in size <9> not available
(Font)              Font shape `JT1/gt/m/n' tried instead on input line 141.
LaTeX Font Info:    Font shape `JY1/mc/bx/n' in size <9> not available
(Font)              Font shape `JY1/gt/m/n' tried instead on input line 141.
File: ./eps/NMF_HeatMap/HeatMap_Classic_whitenoise_longtime.eps Graphic file (t
ype eps)

<./eps/NMF_HeatMap/HeatMap_Classic_whitenoise_longtime.eps>
File: ./eps/NMF_HeatMap/HeatMap_Classic_whitenoise_longtime_kullbackleibler.eps
 Graphic file (type eps)

<./eps/NMF_HeatMap/HeatMap_Classic_whitenoise_longtime_kullbackleibler.eps>
File: ./eps/RNN_Brownnoise/RNN_Brownnoise_Classic.eps Graphic file (type eps)

<./eps/RNN_Brownnoise/RNN_Brownnoise_Classic.eps>
File: ./eps/RNN_Brownnoise/RNN_Brownnoise_NHKBusiness.eps Graphic file (type ep
s)

<./eps/RNN_Brownnoise/RNN_Brownnoise_NHKBusiness.eps>
File: ./eps/RNN_Brownnoise/RNN_Brownnoise_NHKRadio.eps Graphic file (type eps)

<./eps/RNN_Brownnoise/RNN_Brownnoise_NHKRadio.eps>
File: ./eps/RNN_Pinknoise/RNN_Pinknoise_Classic.eps Graphic file (type eps)

<./eps/RNN_Pinknoise/RNN_Pinknoise_Classic.eps>
File: ./eps/RNN_Pinknoise/RNN_Pinknoise_NHKBusiness.eps Graphic file (type eps)


<./eps/RNN_Pinknoise/RNN_Pinknoise_NHKBusiness.eps>
File: ./eps/RNN_Pinknoise/RNN_Pinknoise_NHKRadio.eps Graphic file (type eps)

<./eps/RNN_Pinknoise/RNN_Pinknoise_NHKRadio.eps> (./ipsj2019_tex.bbl) [2]
(./ipsj2019_tex.aux)

LaTeX Font Warning: Size substitutions with differences
(Font)              up to 0.45pt have occurred.


LaTeX Warning: There were multiply-defined labels.

 ) 
Here is how much of TeX's memory you used:
 2178 strings out of 493683
 33305 string characters out of 6152642
 109454 words of memory out of 5000000
 5757 multiletter control sequences out of 15000+600000
 19972 words of font info for 77 fonts, out of 8000000 for 9000
 929 hyphenation exceptions out of 8191
 44i,6n,42p,395b,427s stack positions out of 5000i,500n,10000p,200000b,80000s

Output written on ipsj2019_tex.dvi (2 pages, 16216 bytes).
